<?xml version="1.0" encoding="UTF-8"?>
<!-- Generated by org.testng.reporters.JUnitReportReporter -->
<testsuite hostname="DESKTOP-1KRHALU" failures="0" tests="1" name="tests.LoginTest" time="8.890" errors="0" timestamp="2021-10-22T22:56:08 EET" skipped="0">
  <testcase classname="tests.LoginTest" name="login" time="8.890"/>
  <system-out/>
</testsuite> <!-- tests.LoginTest -->
