<?xml version="1.0" encoding="UTF-8"?>
<!-- Generated by org.testng.reporters.JUnitReportReporter -->
<testsuite hostname="DESKTOP-1KRHALU" failures="0" tests="1" name="tests.LoginTestWithDataDriven" time="11.408" errors="0" timestamp="2021-10-22T23:22:15 EET" skipped="0">
  <testcase classname="tests.LoginTestWithDataDriven" name="login" time="11.408"/>
  <system-out/>
</testsuite> <!-- tests.LoginTestWithDataDriven -->
