<?xml version="1.0" encoding="UTF-8"?>
<!-- Generated by org.testng.reporters.JUnitReportReporter -->
<testsuite hostname="DESKTOP-1KRHALU" failures="0" tests="1" name="tests.KeywordDriven" time="9.626" errors="0" timestamp="2021-10-23T00:14:52 EET" skipped="0">
  <testcase classname="tests.KeywordDriven" name="login" time="9.626"/>
  <system-out/>
</testsuite> <!-- tests.KeywordDriven -->
